android/app/build/outputs/mapping/stageRelease/seeds.txt
com.example.assets_test.MainActivity
com.example.assets_test.MainActivity: MainActivity()
...
com.google.android.gms.measurement.internal.AppMeasurementDynamiteService: void unregisterOnMeasurementEventListener(com.google.android.gms.internal.measurement.zzab)
com.google.android.gms.measurement.AppMeasurementReceiver: AppMeasurementReceiver()
androidx.window.embedding.SplitRule: int getMinWidth()
com.google.android.gms.internal.measurement.zzig: zzig()
io.flutter.plugins.imagepicker.ImagePickerDelegate$CameraDevice: io.flutter.plugins.imagepicker.ImagePickerDelegate$CameraDevice valueOf(java.lang.String)
androidx.window.embedding.ActivityStack: boolean isEmpty()
com.google.android.exoplayer2.video.spherical.SphericalGLSurfaceView: void setDefaultStereoMode(int)
androidx.window.embedding.SplitRuleParser: androidx.window.embedding.SplitPairFilter parseSplitPairFilter(android.content.Context,android.content.res.XmlResourceParser)
androidx.core.view.WindowInsetsCompat$BuilderImpl20: void setSystemWindowInsets(androidx.core.graphics.Insets)
androidx.window.layout.WindowMetricsCalculator$Companion: void reset()
androidx.window.core.Bounds: int getLeft()
androidx.window.layout.HardwareFoldingFeature: java.lang.String toString()
androidx.core.view.WindowInsetsCompat$Impl28: boolean equals(java.lang.Object)
androidx.profileinstaller.ProfileInstallReceiver: ProfileInstallReceiver()
io.flutter.embedding.android.FlutterSplashView$SavedState: java.lang.String access$602(io.flutter.embedding.android.FlutterSplashView$SavedState,java.lang.String)
io.flutter.plugin.editing.ImeSyncDeferringInsetsCallback$AnimationCallback: ImeSyncDeferringInsetsCallback$AnimationCallback(io.flutter.plugin.editing.ImeSyncDeferringInsetsCallback)
androidx.window.embedding.SplitPairRule: boolean getFinishSecondaryWithPrimary()
androidx.core.view.WindowInsetsCompat$Impl21: androidx.core.view.WindowInsetsCompat consumeStableInsets()
io.flutter.plugin.editing.ImeSyncDeferringInsetsCallback: boolean access$300(io.flutter.plugin.editing.ImeSyncDeferringInsetsCallback)
androidx.window.layout.WindowMetricsCalculator$Companion$decorator$1: java.lang.Object invoke(java.lang.Object)
androidx.core.view.WindowInsetsCompat$Impl: androidx.core.graphics.Insets getInsets(int)
com.google.android.gms.measurement.internal.AppMeasurementDynamiteService: void performAction(android.os.Bundle,com.google.android.gms.internal.measurement.zzw,long)
androidx.window.layout.HardwareFoldingFeature$Companion: void validateFeatureBounds$window_release(androidx.window.core.Bounds)
io.flutter.embedding.engine.FlutterJNI: void nativeSurfaceCreated(long,android.view.Surface)
androidx.core.view.WindowInsetsCompat$Impl: boolean equals(java.lang.Object)
androidx.window.layout.SidecarCompat$DistinctSidecarElementCallback: void onWindowLayoutChanged(android.os.IBinder,androidx.window.sidecar.SidecarWindowLayoutInfo)
io.flutter.view.AccessibilityViewEmbedder: boolean requestSendAccessibilityEvent(android.view.View,android.view.View,android.view.accessibility.AccessibilityEvent)
androidx.window.embedding.ActivityFilter: boolean equals(java.lang.Object)
kotlinx.coroutines.CancelHandler: CancelHandler()
androidx.core.view.WindowInsetsCompat$Impl: androidx.core.graphics.Insets getMandatorySystemGestureInsets()
com.google.android.exoplayer2.ThumbRating: ThumbRating()
androidx.window.embedding.EmbeddingCompat: void setSplitRules(java.util.Set)
io.flutter.plugins.videoplayer.Messages$LoopingMessage: Messages$LoopingMessage()
androidx.core.view.ViewCompat$Api16Impl: void setImportantForAccessibility(android.view.View,int)
androidx.window.embedding.SplitController$Companion: SplitController$Companion(kotlin.jvm.internal.DefaultConstructorMarker)
androidx.lifecycle.ReportFragment$LifecycleCallbacks: void onActivityPrePaused(android.app.Activity)
com.google.firebase.heartbeatinfo.HeartBeatInfo$HeartBeat: com.google.firebase.heartbeatinfo.HeartBeatInfo$HeartBeat valueOf(java.lang.String)