android/app/build/outputs/mapping/stageRelease/mapping.txt
# compiler: R8
# compiler_version: 3.3.70
# min_api: 21
# common_typos_disable
# {"id":"com.android.tools.r8.mapping","version":"2.0"}
# pg_map_id: 7765bde
# pg_map_hash: SHA-256 7765bdea1fcf3caccf97a026e21ad9763b1efb44a6762a3f780e458a2dd5e1c7
...
kotlin.text.StringsKt__StringBuilderKt -> q4.j:
kotlin.text.StringsKt__StringNumberConversionsJVMKt -> q4.k:
kotlin.text.StringsKt__StringNumberConversionsKt -> q4.l:
    java.lang.Long toLongOrNull(java.lang.String) -> f
    java.lang.Long toLongOrNull(java.lang.String,int) -> g
kotlin.text.StringsKt__StringsJVMKt -> q4.m:
    boolean endsWith(java.lang.String,java.lang.String,boolean) -> h
    boolean endsWith$default(java.lang.String,java.lang.String,boolean,int,java.lang.Object) -> i
    boolean isBlank(java.lang.CharSequence) -> j
    boolean regionMatches(java.lang.String,int,java.lang.String,int,int,boolean) -> k
    java.lang.String replace(java.lang.String,java.lang.String,java.lang.String,boolean) -> l
    java.lang.String replace$default(java.lang.String,java.lang.String,java.lang.String,boolean,int,java.lang.Object) -> m
    boolean startsWith(java.lang.String,java.lang.String,boolean) -> n
    boolean startsWith$default(java.lang.String,java.lang.String,boolean,int,java.lang.Object) -> o
kotlin.text.StringsKt__StringsKt -> q4.n:
    int indexOf$default(java.lang.CharSequence,java.lang.String,int,boolean,int,java.lang.Object) -> A
    int indexOfAny(java.lang.CharSequence,char[],int,boolean) -> B
    int lastIndexOf(java.lang.CharSequence,char,int,boolean) -> C
    int lastIndexOf(java.lang.CharSequence,java.lang.String,int,boolean) -> D
    int lastIndexOf$default(java.lang.CharSequence,char,int,boolean,int,java.lang.Object) -> E
    int lastIndexOf$default(java.lang.CharSequence,java.lang.String,int,boolean,int,java.lang.Object) -> F
    int lastIndexOfAny(java.lang.CharSequence,char[],int,boolean) -> G
    kotlin.sequences.Sequence lineSequence(java.lang.CharSequence) -> H
    java.util.List lines(java.lang.CharSequence) -> I
    kotlin.sequences.Sequence rangesDelimitedBy$StringsKt__StringsKt(java.lang.CharSequence,java.lang.String[],int,boolean,int) -> J
    kotlin.sequences.Sequence rangesDelimitedBy$StringsKt__StringsKt$default(java.lang.CharSequence,java.lang.String[],int,boolean,int,int,java.lang.Object) -> K
    boolean regionMatchesImpl(java.lang.CharSequence,int,java.lang.CharSequence,int,int,boolean) -> L
    void requireNonNegativeLimit(int) -> M
    kotlin.sequences.Sequence splitToSequence(java.lang.CharSequence,java.lang.String[],boolean,int) -> N
    kotlin.sequences.Sequence splitToSequence$default(java.lang.CharSequence,java.lang.String[],boolean,int,int,java.lang.Object) -> O
kotlin.text.StringsKt__StringsKt$rangesDelimitedBy$2 -> q4.n$a:
    java.util.List $delimitersList -> e
    boolean $ignoreCase -> f
    kotlin.Pair invoke(java.lang.CharSequence,int) -> a
kotlin.text.StringsKt__StringsKt$splitToSequence$1 -> q4.n$b:
    java.lang.CharSequence $this_splitToSequence -> e
    java.lang.String invoke(kotlin.ranges.IntRange) -> a
kotlin.text.StringsKt___StringsJvmKt -> q4.o:
kotlin.text.StringsKt___StringsKt -> q4.p:
    java.lang.String drop(java.lang.String,int) -> b0
kotlinx.coroutines.AbstractCoroutine -> r4.a:
    kotlin.coroutines.CoroutineContext context -> f
    void onCancelled(java.lang.Throwable,boolean) -> A0
    void onCompleted(java.lang.Object) -> B0
    void start(kotlinx.coroutines.CoroutineStart,java.lang.Object,kotlin.jvm.functions.Function2) -> C0
    java.lang.String cancellationExceptionMessage() -> I
    void handleOnCompletionException$kotlinx_coroutines_core(java.lang.Throwable) -> X
    boolean isActive() -> a
    java.lang.String nameString$kotlinx_coroutines_core() -> e0
    kotlin.coroutines.CoroutineContext getCoroutineContext() -> h
    void onCompletionInternal(java.lang.Object) -> j0
    void afterResume(java.lang.Object) -> z0
kotlinx.coroutines.AbstractTimeSource -> r4.b:
kotlinx.coroutines.AbstractTimeSourceKt -> r4.c:
    kotlinx.coroutines.AbstractTimeSource getTimeSource() -> a
kotlinx.coroutines.Active -> r4.d:
    kotlinx.coroutines.Active INSTANCE -> e
kotlinx.coroutines.BeforeResumeCancelHandler -> r4.e: