android/app/build/outputs/mapping/stageRelease/usage.txt
com.example.assets_test.BuildConfig
com.example.assets_test.R$attr
com.example.assets_test.R$color
com.example.assets_test.R$dimen
com.example.assets_test.R$drawable
com.example.assets_test.R$id
com.example.assets_test.R$integer
com.example.assets_test.R$layout
com.example.assets_test.R$mipmap
com.example.assets_test.R$string
com.example.assets_test.R$style
com.example.assets_test.R$styleable
com.example.assets_test.R$xml
com.example.assets_test.R
...
com.google.common.util.concurrent.ListenableFutureTask
com.google.common.util.concurrent.ListenableScheduledFuture
com.google.common.util.concurrent.ListenerCallQueue$Event
com.google.common.util.concurrent.ListenerCallQueue$PerListenerQueue
com.google.common.util.concurrent.ListenerCallQueue
com.google.common.util.concurrent.ListeningExecutorService
com.google.common.util.concurrent.ListeningScheduledExecutorService
com.google.common.util.concurrent.Monitor$Guard
com.google.common.util.concurrent.Monitor
com.google.common.util.concurrent.MoreExecutors$1
com.google.common.util.concurrent.MoreExecutors$2
com.google.common.util.concurrent.MoreExecutors$3
com.google.common.util.concurrent.MoreExecutors$4
com.google.common.util.concurrent.MoreExecutors$5
com.google.common.util.concurrent.MoreExecutors$Application$1
com.google.common.util.concurrent.MoreExecutors$Application
com.google.common.util.concurrent.MoreExecutors$DirectExecutorService
com.google.common.util.concurrent.MoreExecutors$ListeningDecorator
com.google.common.util.concurrent.MoreExecutors$ScheduledListeningDecorator$ListenableScheduledTask
com.google.common.util.concurrent.MoreExecutors$ScheduledListeningDecorator$NeverSuccessfulListenableFutureTask
com.google.common.util.concurrent.MoreExecutors$ScheduledListeningDecorator
com.google.common.util.concurrent.MoreExecutors
com.google.common.util.concurrent.NullnessCasts
com.google.common.util.concurrent.OverflowAvoidingLockSupport
com.google.common.util.concurrent.ParametricNullness
com.google.common.util.concurrent.Partially$GwtIncompatible
com.google.common.util.concurrent.Partially
com.google.common.util.concurrent.Platform
com.google.common.util.concurrent.RateLimiter$SleepingStopwatch$1
com.google.common.util.concurrent.RateLimiter$SleepingStopwatch
com.google.common.util.concurrent.RateLimiter
com.google.common.util.concurrent.Runnables$1
com.google.common.util.concurrent.Runnables
com.google.common.util.concurrent.SequentialExecutor$1
com.google.common.util.concurrent.SequentialExecutor$QueueWorker
com.google.common.util.concurrent.SequentialExecutor$WorkerRunningState
com.google.common.util.concurrent.SequentialExecutor
com.google.common.util.concurrent.Service$Listener
com.google.common.util.concurrent.Service$State
com.google.common.util.concurrent.Service
com.google.common.util.concurrent.ServiceManager$1
com.google.common.util.concurrent.ServiceManager$2
com.google.common.util.concurrent.ServiceManager$EmptyServiceManagerWarning
com.google.common.util.concurrent.ServiceManager$Listener
com.google.common.util.concurrent.ServiceManager$NoOpService
com.google.common.util.concurrent.ServiceManager$ServiceListener
com.google.common.util.concurrent.ServiceManager$ServiceManagerState$1
com.google.common.util.concurrent.ServiceManager$ServiceManagerState$2
com.google.common.util.concurrent.ServiceManager$ServiceManagerState$AwaitHealthGuard
com.google.common.util.concurrent.ServiceManager$ServiceManagerState$StoppedGuard
com.google.common.util.concurrent.ServiceManager$ServiceManagerState
com.google.common.util.concurrent.ServiceManager
com.google.common.util.concurrent.ServiceManagerBridge
com.google.common.util.concurrent.SettableFuture
com.google.common.util.concurrent.SimpleTimeLimiter$1$1
com.google.common.util.concurrent.SimpleTimeLimiter$1
com.google.common.util.concurrent.SimpleTimeLimiter
com.google.common.util.concurrent.SmoothRateLimiter$1
com.google.common.util.concurrent.SmoothRateLimiter$SmoothBursty
com.google.common.util.concurrent.SmoothRateLimiter$SmoothWarmingUp
com.google.common.util.concurrent.SmoothRateLimiter
com.google.common.util.concurrent.Striped$1
com.google.common.util.concurrent.Striped$2
com.google.common.util.concurrent.Striped$3
com.google.common.util.concurrent.Striped$4
com.google.common.util.concurrent.Striped$5
com.google.common.util.concurrent.Striped$6
com.google.common.util.concurrent.Striped$CompactStriped
com.google.common.util.concurrent.Striped$LargeLazyStriped